[INFO]||Entry\2025-09-07 19-34-24_4_1.mp4
[INFO]||Folder mp4 has been made!
[INFO]||Detected an extension.
[INFO]||Detected a folder name.
[INFO]||Detected file's source path.
[INFO]||Moving source path to destination path.
[INFO]||Entry\Incosistency.mp4
[INFO]||Folder mp4 hasn't been made!
[INFO]||Detected an extension.
[INFO]||Detected a folder name.
[INFO]||Detected file's source path.
[INFO]||Moving source path to destination path.
[INFO]||Entry\organizer.txt
[INFO]||Folder txt has been made!
[INFO]||Detected an extension.
[INFO]||Detected a folder name.
[INFO]||Detected file's source path.
[INFO]||Moving source path to destination path.
[INFO]||Entry\rijeci.txt
[INFO]||Folder txt hasn't been made!
[INFO]||Detected an extension.
[INFO]||Detected a folder name.
[INFO]||Detected file's source path.
[INFO]||Moving source path to destination path.
[INFO]||Entry\Screenshot 2025-10-08 174117.png
[INFO]||Folder png has been made!
[INFO]||Detected an extension.
[INFO]||Detected a folder name.
[INFO]||Detected file's source path.
[INFO]||Moving source path to destination path.
[INFO]||Entry\Screenshot 2025-10-09 113140.png
[INFO]||Folder png hasn't been made!
[INFO]||Detected an extension.
[INFO]||Detected a folder name.
[INFO]||Detected file's source path.
[INFO]||Moving source path to destination path.
[INFO]||Files have been moved to their corresponding folder!
